# Disk parameters
# M_d/e10M_sun    4.9607
#    Disk M/L     1.0000
# Bulge included
# M_b/e10M_sun    1.3733
#   Bulge M/L     1.0000
# Gas included
# M_g/e10M_sun    1.6318
# Einasto halo parameters
#  M_*/e10M_sun   45.2147
#     r_s/1~kpc   19.3347
# concentration    5.2665
#   v_200/1km/s   71.2790
# M_200/e10Msun   11.4988
# alpha    2.7500
#+++++++++++++++
#   Rkpc      V_uh       V_b      V_ch     V_tot     r2rho       V_disk     V_gas   V_bulge
#
     0.050     0.341    31.264     0.943    31.278   0.491E-05     1.925    -0.425    31.202
     0.100     0.683    62.528     1.882    62.557   0.195E-04     3.851    -0.851    62.404
     0.150     1.024    93.792     2.816    93.835   0.435E-04     5.776    -1.276    93.606
     0.200     1.365   125.056     3.737   125.112   0.760E-04     7.701    -1.701   124.807
     0.250     1.707   137.668     4.642   137.746   0.116E-03     9.632    -2.123   137.315
     0.300     2.048   146.975     5.526   147.078   0.164E-03    11.561    -2.549   146.497
     0.350     2.389   154.501     6.404   154.634   0.220E-03    13.492    -2.982   153.882
     0.400     2.730   160.655     7.279   160.820   0.285E-03    15.426    -3.419   159.876
     0.450     3.072   165.813     8.154   166.014   0.359E-03    17.364    -3.862   164.856
     0.500     3.413   170.165     9.026   170.404   0.440E-03    19.306    -4.303   169.011
     0.550     3.754   173.831     9.898   174.113   0.532E-03    21.250    -4.738   172.462
     0.600     4.096   176.917    10.783   177.245   0.638E-03    23.198    -5.176   175.313
     0.650     4.437   179.516    11.671   179.895   0.748E-03    25.150    -5.630   177.656
     0.700     4.778   181.693    12.559   182.126   0.865E-03    27.107    -6.098   179.556
     0.750     5.119   183.500    13.445   183.992   0.990E-03    29.067    -6.575   181.064
     0.800     5.461   184.982    14.328   185.536   0.112E-02    31.031    -7.051   182.224
     0.850     5.802   186.179    15.209   186.800   0.127E-02    33.004    -7.520   183.076
     0.900     6.143   187.126    16.091   187.816   0.142E-02    34.984    -7.994   183.652
     0.950     6.484   187.849    16.974   188.614   0.158E-02    36.970    -8.492   183.979
     1.000     6.826   188.375    17.858   189.219   0.175E-02    38.962    -9.013   184.081
     1.250     8.532   188.782    22.264   190.090   0.270E-02    49.047   -11.804   181.916
     1.500    10.237   187.057    26.596   188.939   0.384E-02    59.390   -15.409   176.709
     1.750    11.943   185.257    30.875   187.812   0.513E-02    70.077   -23.390   169.889
     2.000    13.647   182.675    35.081   186.013   0.658E-02    81.198   -19.659   162.452
     2.250    15.351   180.998    39.215   185.197   0.816E-02    93.005    -8.993   155.014
     2.500    17.054   182.644    43.284   187.703   0.990E-02   105.692   -17.026   147.981
     2.750    18.755   186.508    47.300   192.412   0.118E-01   119.649   -20.991   141.522
     3.000    20.455   194.099    51.245   200.750   0.137E-01   136.673   -24.206   135.681
     3.250    22.154   201.303    55.119   208.712   0.157E-01   151.091   -26.114   130.431
     3.500    23.850   199.083    58.922   207.619   0.179E-01   152.367   -24.781   125.714
     3.750    25.545   198.101    62.661   207.775   0.201E-01   154.691   -23.707   121.461
     4.000    27.237   203.031    66.333   213.593   0.223E-01   163.770   -23.869   117.607
     4.250    28.926   207.714    69.936   219.172   0.246E-01   172.201   -21.768   114.097
     4.500    30.612   207.772    73.463   220.377   0.270E-01   175.010   -15.682   110.882
     4.750    32.295   204.799    76.921   218.768   0.293E-01   173.577   -12.873   107.925
     5.000    33.974   202.425    80.313   217.775   0.318E-01   172.528   -12.009   105.193
     5.250    35.649   199.126    83.638   215.978   0.342E-01   170.571    -4.221   102.658
     5.500    37.320   198.872    86.897   217.029   0.366E-01   171.245    12.883   100.297
     5.750    38.986   204.152    90.092   223.147   0.391E-01   178.407    15.049    98.093
     6.000    40.647   208.356    93.220   228.259   0.415E-01   184.401    13.679    96.028
     6.250    42.303   212.606    96.281   233.391   0.439E-01   190.242    12.529    94.087
     6.500    43.953   216.015    99.276   237.736   0.463E-01   194.659    16.076    92.260
     6.750    45.596   211.454   102.200   234.857   0.486E-01   189.991    20.479    90.536
     7.000    47.233   208.982   105.057   233.903   0.509E-01   187.730    22.956    88.904
     7.250    48.863   206.993   107.845   233.403   0.532E-01   186.844    17.443    87.358
     7.500    50.485   204.802   110.563   232.741   0.553E-01   184.891   -19.554    85.889
     7.750    52.100   200.905   113.212   230.608   0.574E-01   181.160   -20.127    84.493
     8.000    53.706   193.191   115.795   225.236   0.595E-01   174.357    -2.525    83.163
     8.250    55.303   189.287   118.307   223.218   0.614E-01   169.776    17.302    81.893
     8.500    56.891   189.391   120.747   224.608   0.632E-01   168.511    31.045    80.679
     8.750    58.470   189.592   123.116   226.059   0.650E-01   167.495    39.589    79.518
     9.000    60.038   188.631   125.414   226.518   0.666E-01   165.975    43.431    78.406
     9.250    61.595   186.809   127.638   226.250   0.681E-01   164.430    43.348    77.339
     9.500    63.142   184.491   129.787   225.570   0.694E-01   162.953    40.735    76.315
     9.750    64.677   182.121   131.859   224.844   0.706E-01   161.630    37.001    75.330
    10.000    66.200   179.977   133.854   224.296   0.716E-01   160.474    33.272    74.383
    10.250    67.710   178.043   135.770   223.903   0.724E-01   159.356    30.120    73.470
    10.500    69.207   176.242   137.605   223.599   0.731E-01   158.130    28.048    72.590
    10.750    70.691   174.489   139.360   223.311   0.736E-01   156.653    27.560    71.741
    11.000    72.161   172.737   141.033   222.999   0.740E-01   154.798    29.084    70.921
    11.250    73.617   171.047   142.624   222.708   0.741E-01   152.626    32.315    70.129
    11.500    75.058   169.521   144.132   222.512   0.741E-01   150.302    36.545    69.362
    11.750    76.483   168.213   145.558   222.447   0.739E-01   147.989    41.062    68.620
    12.000    77.893   167.103   146.902   222.494   0.736E-01   145.842    45.197    67.902
    12.250    79.286   166.135   148.163   222.605   0.731E-01   143.893    48.775    67.205
    12.500    80.663   165.271   149.341   222.749   0.724E-01   142.093    51.939    66.530
    12.750    82.023   164.490   150.439   222.911   0.716E-01   140.394    54.839    65.874
    13.000    83.365   163.787   151.456   223.081   0.706E-01   138.746    57.618    65.238
    13.250    84.689   163.131   152.395   223.240   0.695E-01   137.128    60.266    64.619
    13.500    85.994   162.451   153.252   223.330   0.683E-01   135.542    62.611    64.018
    13.750    87.281   161.664   154.033   223.297   0.669E-01   133.995    64.474    63.434
    14.000    88.548   160.682   154.737   223.075   0.654E-01   132.491    65.673    62.865
    14.250    89.795   159.457   155.367   222.633   0.638E-01   131.033    66.136    62.311
    14.500    91.023   158.077   155.922   222.037   0.621E-01   129.621    66.116    61.771
    14.750    92.230   156.670   156.405   221.378   0.603E-01   128.250    65.928    61.246
    15.000    93.416   155.364   156.820   220.750   0.584E-01   126.917    65.890    60.733
    15.250    94.580   154.264   157.163   220.222   0.565E-01   125.621    66.246    60.233
    15.500    95.724   153.341   157.442   219.776   0.545E-01   124.361    66.920    59.746
    15.750    96.845   152.528   157.657   219.364   0.525E-01   123.135    67.749    59.269
    16.000    97.944   151.754   157.808   218.935   0.504E-01   121.942    68.566    58.805
    16.250    99.020   150.940   157.899   218.438   0.483E-01   120.783    69.208    58.351
    16.500   100.074   150.027   157.934   217.833   0.462E-01   119.656    69.551    57.907
    16.750   101.104   148.997   157.913   217.110   0.440E-01   118.561    69.573    57.473
    17.000   102.111   147.841   157.836   216.261   0.419E-01   117.495    69.262    57.049
    17.250   103.094   146.566   157.709   215.299   0.398E-01   116.459    68.641    56.634
    17.500   104.054   145.325   157.536   214.329   0.377E-01   115.450    68.037    56.228
    17.750   104.989   144.341   157.315   213.500   0.356E-01   114.467    67.930    55.831
    18.000   105.900   143.689   157.050   212.864   0.336E-01   113.509    68.471    55.442
    18.250   106.787   143.158   156.745   212.281   0.316E-01   112.574    69.206    55.061
    18.500   107.648   142.506   156.402   211.588   0.296E-01   111.662    69.633    54.687
    18.750   108.486   141.658   156.023   210.737   0.277E-01   110.772    69.610    54.322
    19.000   109.298   140.711   155.607   209.793   0.259E-01   109.904    69.344    53.963
    19.250   110.085   139.770   155.161   208.831   0.241E-01   109.057    69.050    53.611
    19.500   110.847   138.877   154.687   207.882   0.224E-01   108.232    68.813    53.267
    19.750   111.584   138.007   154.188   206.930   0.207E-01   107.426    68.587    52.928
    20.000   112.295   137.135   153.661   205.956   0.192E-01   106.641    68.319    52.597
    20.250   112.982   136.244   153.112   204.953   0.177E-01   105.873    67.978    52.271
    20.500   113.643   135.323   152.544   203.916   0.162E-01   105.122    67.547    51.951
    20.750   114.279   134.367   151.958   202.844   0.149E-01   104.387    67.018    51.637
    21.000   114.890   133.405   151.356   201.756   0.136E-01   103.668    66.447    51.329
    21.250   115.475   132.483   150.739   200.683   0.124E-01   102.965    65.926    51.026
    21.500   116.036   131.641   150.109   199.655   0.113E-01   102.277    65.539    50.729
    21.750   116.571   130.877   149.468   198.670   0.103E-01   101.606    65.279    50.436
    22.000   117.082   130.162   148.818   197.710   0.927E-02   100.948    65.090    50.149
    22.250   117.568   129.466   148.161   196.757   0.837E-02   100.305    64.913    49.866
    22.500   118.030   128.762   147.498   195.794   0.753E-02    99.674    64.696    49.589
    22.750   118.467   128.040   146.831   194.817   0.675E-02    99.056    64.422    49.315
    23.000   118.879   127.306   146.160   193.828   0.604E-02    98.449    64.101    49.047
    23.250   119.268   126.563   145.486   192.833   0.539E-02    97.854    63.742    48.782
    23.500   119.633   125.818   144.812   191.835   0.479E-02    97.271    63.357    48.522
    23.750   119.975   125.074   144.138   190.838   0.425E-02    96.698    62.954    48.266
    24.000   120.293   124.336   143.465   189.846   0.376E-02    96.137    62.545    48.014
    24.250   120.589   123.609   142.792   188.862   0.331E-02    95.585    62.138    47.766
    24.500   120.861   122.899   142.122   187.890   0.291E-02    95.044    61.745    47.521
    24.750   121.112   122.205   141.454   186.932   0.255E-02    94.513    61.368    47.281
    25.000   121.340   121.528   140.791   185.987   0.223E-02    93.992    61.004    47.044
    25.250   121.547   120.865   140.133   185.055   0.194E-02    93.479    60.652    46.810
    25.500   121.732   120.214   139.479   184.136   0.169E-02    92.976    60.309    46.580
    25.750   121.896   119.575   138.831   183.228   0.146E-02    92.482    59.973    46.354
    26.000   122.040   118.946   138.188   182.329   0.126E-02    91.995    59.640    46.130
    26.250   122.164   118.325   137.550   181.440   0.109E-02    91.517    59.309    45.910
    26.500   122.268   117.710   136.918   180.561   0.931E-03    91.047    58.976    45.693
    26.750   122.353   117.102   136.293   179.690   0.796E-03    90.585    58.642    45.479
    27.000   122.419   116.499   135.674   178.828   0.679E-03    90.129    58.306    45.268
    27.250   122.466   115.904   135.062   177.976   0.576E-03    89.681    57.970    45.060
    27.500   122.495   115.315   134.456   177.133   0.488E-03    89.240    57.634    44.854
    27.750   122.507   114.733   133.857   176.299   0.412E-03    88.806    57.300    44.652
    28.000   122.502   114.159   133.265   175.476   0.347E-03    88.379    56.969    44.452
    28.250   122.480   113.592   132.678   174.662   0.291E-03    87.958    56.640    44.255
    28.500   122.442   113.034   132.099   173.859   0.243E-03    87.544    56.316    44.061
    28.750   122.388   112.484   131.529   173.068   0.202E-03    87.135    55.996    43.869
    29.000   122.320   111.942   130.966   172.287   0.168E-03    86.733    55.681    43.679
    29.250   122.236   111.407   130.409   171.517   0.139E-03    86.337    55.370    43.492
    29.500   122.139   110.879   129.857   170.755   0.115E-03    85.946    55.063    43.307
    29.750   122.027   110.359   129.311   170.001   0.943E-04    85.561    54.759    43.125
    30.000   121.903   109.844   128.772   169.257   0.772E-04    85.181    54.458    42.945
    30.250   121.766   109.336   128.239   168.522   0.630E-04    84.807    54.159    42.767
    30.500   121.616   108.834   127.712   167.795   0.513E-04    84.438    53.863    42.591
    30.750   121.455   108.338   127.192   167.078   0.416E-04    84.073    53.568    42.418
    31.000   121.283   107.847   126.680   166.369   0.336E-04    83.713    53.276    42.246
    31.250   121.100   107.362   126.175   165.670   0.270E-04    83.358    52.985    42.077
    31.500   120.906   106.882   125.676   164.979   0.217E-04    83.008    52.697    41.910
    31.750   120.703   106.407   125.181   164.295   0.173E-04    82.662    52.411    41.744
    32.000   120.490   105.939   124.690   163.617   0.138E-04    82.321    52.128    41.581
    32.250   120.269   105.475   124.205   162.947   0.109E-04    81.984    51.846    41.419
    32.500   120.039   105.017   123.725   162.285   0.866E-05    81.651    51.568    41.260
    32.750   119.801   104.564   123.252   161.631   0.682E-05    81.323    51.292    41.102
    33.000   119.556   104.117   122.784   160.985   0.535E-05    80.999    51.019    40.946
    33.250   119.303   103.674   122.321   160.346   0.418E-05    80.679    50.748    40.792
    33.500   119.044   103.237   121.864   159.715   0.326E-05    80.362    50.481    40.639
    33.750   118.779   102.806   121.414   159.092   0.253E-05    80.050    50.216    40.488
    34.000   118.508   102.379   120.968   158.476   0.196E-05    79.742    49.955    40.339
    34.250   118.231   101.957   120.526   157.866   0.151E-05    79.437    49.696    40.192
    34.500   117.949   101.541   120.088   157.263   0.116E-05    79.136    49.441    40.046
    34.750   117.663   101.130   119.655   156.667   0.884E-06    78.838    49.190    39.902
    35.000   117.372   100.723   119.225   156.076   0.673E-06    78.544    48.942    39.759
    35.250   117.077   100.322   118.801   155.493   0.511E-06    78.253    48.697    39.618
    35.500   116.779    99.926   118.381   154.917   0.386E-06    77.966    48.456    39.478
    35.750   116.477    99.534   117.966   154.347   0.291E-06    77.681    48.219    39.340
    36.000   116.173    99.148   117.556   153.785   0.218E-06    77.400    47.985    39.203
    36.250   115.865    98.766   117.151   153.228   0.163E-06    77.122    47.755    39.068
    36.500   115.556    98.388   116.749   152.678   0.121E-06    76.847    47.529    38.934
    36.750   115.244    98.016   116.352   152.135   0.898E-07    76.575    47.305    38.801
    37.000   114.930    97.647   115.959   151.597   0.663E-07    76.306    47.085    38.670
    37.250   114.615    97.283   115.570   151.064   0.487E-07    76.040    46.869    38.540
    37.500   114.298    96.924   115.184   150.537   0.357E-07    75.776    46.655    38.411
    37.750   113.981    96.568   114.802   150.016   0.260E-07    75.516    46.445    38.284
    38.000   113.662    96.217   114.423   149.500   0.189E-07    75.258    46.237    38.158
    38.250   113.343    95.869   114.048   148.989   0.137E-07    75.003    46.032    38.033
    38.500   113.024    95.526   113.676   148.484   0.984E-08    74.751    45.830    37.909
    38.750   112.704    95.186   113.308   147.983   0.706E-08    74.501    45.630    37.787
    39.000   112.384    94.850   112.945   147.489   0.504E-08    74.254    45.433    37.665
    39.250   112.065    94.517   112.585   147.000   0.359E-08    74.009    45.239    37.545
    39.500   111.746    94.188   112.229   146.516   0.254E-08    73.767    45.046    37.426
    39.750   111.427    93.863   111.877   146.036   0.179E-08    73.527    44.856    37.308
    40.000   111.108    93.540   111.527   145.561   0.126E-08    73.289    44.669    37.192
    40.250   110.791    93.221   111.180   145.090   0.882E-09    73.054    44.483    37.076
    40.500   110.474    92.905   110.836   144.624   0.614E-09    72.821    44.299    36.961
    40.750   110.159    92.593   110.495   144.162   0.426E-09    72.590    44.117    36.847
    41.000   109.844    92.283   110.157   143.703   0.294E-09    72.361    43.937    36.735
    41.250   109.530    91.976   109.822   143.250   0.202E-09    72.135    43.759    36.623
    41.500   109.218    91.672   109.491   142.800   0.139E-09    71.910    43.582    36.513
    41.750   108.907    91.371   109.162   142.355   0.945E-10    71.688    43.408    36.403
    42.000   108.598    91.072   108.836   141.913   0.642E-10    71.468    43.235    36.294
    42.250   108.290    90.777   108.513   141.476   0.433E-10    71.250    43.064    36.187
    42.500   107.984    90.484   108.194   141.043   0.291E-10    71.033    42.894    36.080
    42.750   107.679    90.194   107.877   140.615   0.195E-10    70.819    42.727    35.974
    43.000   107.376    89.907   107.564   140.190   0.130E-10    70.607    42.561    35.869
    43.250   107.075    89.623   107.253   139.770   0.864E-11    70.397    42.397    35.765
    43.500   106.775    89.341   106.945   139.353   0.571E-11    70.188    42.234    35.662
    43.750   106.478    89.062   106.640   138.939   0.376E-11    69.982    42.074    35.560
    44.000   106.182    88.786   106.336   138.529   0.246E-11    69.777    41.915    35.459
    44.250   105.888    88.512   106.035   138.123   0.160E-11    69.574    41.757    35.358
    44.500   105.596    88.241   105.736   137.720   0.104E-11    69.373    41.602    35.259
    44.750   105.306    87.973   105.441   137.320   0.672E-12    69.174    41.448    35.160
    45.000   105.017    87.707   105.147   136.925   0.432E-12    68.977    41.295    35.062
    45.250   104.731    87.443   104.856   136.533   0.277E-12    68.781    41.145    34.965
    45.500   104.447    87.182   104.568   136.144   0.176E-12    68.587    40.996    34.869
    45.750   104.165    86.923   104.282   135.759   0.112E-12    68.395    40.848    34.773
    46.000   103.884    86.667   103.999   135.377   0.707E-13    68.204    40.702    34.679
    46.250   103.606    86.413   103.718   134.998   0.444E-13    68.016    40.558    34.585
    46.500   103.329    86.161   103.439   134.623   0.278E-13    67.828    40.416    34.492
    46.750   103.055    85.912   103.162   134.251   0.173E-13    67.643    40.275    34.400
    47.000   102.782    85.665   102.886   133.881   0.107E-13    67.459    40.135    34.308
    47.250   102.512    85.421   102.612   133.514   0.662E-14    67.276    39.997    34.217
    47.500   102.243    85.178   102.341   133.150   0.406E-14    67.095    39.861    34.127
    47.750   101.977    84.938   102.072   132.790   0.248E-14    66.916    39.726    34.038
    48.000   101.712    84.700   101.806   132.433   0.151E-14    66.738    39.593    33.949
    48.250   101.449    84.464   101.542   132.079   0.913E-15    66.561    39.461    33.861
    48.500   101.188    84.230   101.280   131.728   0.549E-15    66.386    39.331    33.774
    48.750   100.930    83.998   101.020   131.380   0.329E-15    66.212    39.202    33.688
    49.000   100.672    83.769   100.763   131.036   0.196E-15    66.040    39.075    33.602
    49.250   100.417    83.541   100.507   130.694   0.116E-15    65.869    38.949    33.516
    49.500   100.164    83.315   100.254   130.354   0.684E-16    65.700    38.824    33.432
    49.750    99.913    83.092   100.002   130.018   0.401E-16    65.531    38.701    33.348
    50.000    99.663    82.870    99.752   129.684   0.234E-16    65.365    38.580    33.265
    50.250    99.415    82.650    99.504   129.353   0.136E-16    65.199    38.460    33.182
    50.500    99.169    82.432    99.257   129.024   0.783E-17    65.034    38.341    33.100
    50.750    98.925    82.216    99.013   128.698   0.449E-17    64.871    38.224    33.018
    51.000    98.682    82.002    98.770   128.374   0.257E-17    64.709    38.108    32.937
    51.250    98.442    81.790    98.528   128.052   0.146E-17    64.548    37.994    32.857
    51.500    98.203    81.579    98.289   127.734   0.825E-18    64.389    37.881    32.777
    51.750    97.965    81.370    98.051   127.417   0.464E-18    64.230    37.769    32.698
    52.000    97.730    81.163    97.815   127.103   0.260E-18    64.073    37.658    32.619
    52.250    97.496    80.958    97.580   126.791   0.145E-18    63.916    37.549    32.541
    52.500    97.263    80.754    97.347   126.482   0.805E-19    63.761    37.441    32.464
    52.750    97.033    80.552    97.116   126.175   0.444E-19    63.607    37.334    32.387
    53.000    96.804    80.352    96.886   125.870   0.244E-19    63.455    37.229    32.310
    53.250    96.576    80.153    96.658   125.568   0.133E-19    63.303    37.125    32.234
    53.500    96.350    79.956    96.432   125.268   0.727E-20    63.152    37.022    32.159
    53.750    96.126    79.760    96.207   124.970   0.394E-20    63.002    36.920    32.084
    54.000    95.903    79.567    95.984   124.675   0.213E-20    62.854    36.819    32.009
    54.250    95.682    79.374    95.763   124.382   0.114E-20    62.706    36.719    31.935
    54.500    95.463    79.183    95.544   124.091   0.612E-21    62.560    36.620    31.862
    54.750    95.244    78.994    95.326   123.803   0.326E-21    62.415    36.523    31.789
    55.000    95.028    78.806    95.110   123.516   0.173E-21    62.270    36.426    31.717
    55.250    94.813    78.620    94.894   123.232   0.914E-22    62.127    36.331    31.645
    55.500    94.599    78.435    94.680   122.948   0.480E-22    61.984    36.236    31.574
    55.750    94.386    78.252    94.466   122.667   0.251E-22    61.843    36.143    31.503
    56.000    94.176    78.069    94.255   122.388   0.131E-22    61.703    36.050    31.432
    56.250    93.966    77.889    94.045   122.111   0.674E-23    61.563    35.959    31.362
    56.500    93.758    77.709    93.837   121.837   0.347E-23    61.425    35.868    31.293
    56.750    93.551    77.531    93.631   121.564   0.177E-23    61.287    35.778    31.224
    57.000    93.346    77.355    93.426   121.294   0.899E-24    61.151    35.689    31.155
    57.250    93.142    77.180    93.222   121.025   0.452E-24    61.015    35.601    31.087
    57.500    92.939    77.005    93.020   120.758   0.227E-24    60.880    35.513    31.020
    57.750    92.738    76.833    92.819   120.493   0.112E-24    60.747    35.427    30.952
    58.000    92.538    76.661    92.619   120.230   0.555E-25    60.614    35.341    30.886
    58.250    92.339    76.491    92.420   119.968   0.272E-25    60.482    35.256    30.819
    58.500    92.141    76.322    92.222   119.707   0.132E-25    60.350    35.172    30.753
    58.750    91.945    76.154    92.025   119.449   0.637E-26    60.220    35.088    30.688
    59.000    91.750    75.987    91.830   119.192   0.305E-26    60.091    35.005    30.623
    59.250    91.556    75.821    91.636   118.937   0.145E-26    59.962    34.923    30.558
    59.500    91.364    75.657    91.443   118.683   0.683E-27    59.834    34.841    30.494
    59.750    91.172    75.493    91.251   118.431   0.320E-27    59.707    34.760    30.430
    60.000    90.982    75.331    91.061   118.181   0.148E-27    59.581    34.680    30.367
    60.250    90.793    75.170    90.871   117.932   0.683E-28    59.456    34.600    30.304
    60.500    90.606    75.009    90.682   117.685   0.312E-28    59.331    34.521    30.241
    60.750    90.419    74.850    90.495   117.439   0.141E-28    59.207    34.442    30.179
    61.000    90.233    74.692    90.309   117.195   0.636E-29    59.084    34.364    30.117
    61.250    90.049    74.534    90.125   116.952   0.284E-29    58.962    34.286    30.055
    61.500    89.866    74.378    89.941   116.711   0.126E-29    58.840    34.209    29.994
    61.750    89.684    74.223    89.759   116.472   0.558E-30    58.720    34.132    29.933
    62.000    89.503    74.068    89.579   116.234   0.245E-30    58.600    34.056    29.873
    62.250    89.323    73.915    89.399   115.998   0.107E-30    58.480    33.980    29.813
    62.500    89.144    73.762    89.220   115.763   0.465E-31    58.362    33.905    29.753
    62.750    88.966    73.611    89.042   115.529   0.201E-31    58.244    33.830    29.694
    63.000    88.790    73.460    88.865   115.297   0.868E-32    58.127    33.756    29.635
    63.250    88.614    73.310    88.690   115.066   0.373E-32    58.010    33.682    29.576
    63.500    88.439    73.161    88.515   114.837   0.160E-32    57.895    33.608    29.518
    63.750    88.266    73.013    88.342   114.609   0.682E-33    57.780    33.535    29.460
    64.000    88.093    72.866    88.169   114.382   0.290E-33    57.665    33.463    29.402
    64.250    87.922    72.720    87.997   114.157   0.123E-33    57.552    33.390    29.345
    64.500    87.751    72.575    87.826   113.932   0.522E-34    57.439    33.319    29.288
    64.750    87.582    72.430    87.656   113.709   0.221E-34    57.326    33.248    29.231
    65.000    87.413    72.287    87.487   113.487   0.933E-35    57.215    33.177    29.175
    65.250    87.245    72.144    87.319   113.267   0.393E-35    57.104    33.107    29.119
    65.500    87.079    72.002    87.152   113.048   0.166E-35    56.993    33.037    29.063
    65.750    86.913    71.861    86.986   112.830   0.698E-36    56.884    32.967    29.008
    66.000    86.748    71.721    86.821   112.613   0.294E-36    56.775    32.898    28.953
    66.250    86.584    71.582    86.657   112.398   0.123E-36    56.666    32.830    28.898
    66.500    86.421    71.443    86.494   112.184   0.519E-37    56.558    32.762    28.844
    66.750    86.259    71.306    86.332   111.972   0.218E-37    56.451    32.694    28.790
    67.000    86.098    71.169    86.171   111.761   0.917E-38    56.345    32.627    28.736
    67.250    85.938    71.033    86.011   111.551   0.385E-38    56.239    32.560    28.683
    67.500    85.779    70.898    85.851   111.342   0.162E-38    56.133    32.494    28.630
    67.750    85.621    70.763    85.693   111.134   0.679E-39    56.029    32.428    28.577
    68.000    85.463    70.629    85.535   110.927   0.285E-39    55.925    32.362    28.524
    68.250    85.306    70.496    85.378   110.721   0.119E-39    55.821    32.297    28.472
    68.500    85.150    70.364    85.222   110.517   0.494E-40    55.718    32.232    28.420
    68.750    84.996    70.233    85.067   110.314   0.205E-40    55.616    32.168    28.368
    69.000    84.841    70.102    84.913   110.111   0.840E-41    55.514    32.104    28.317
    69.250    84.688    69.972    84.760   109.910   0.344E-41    55.413    32.040    28.266
    69.500    84.536    69.843    84.607   109.711   0.139E-41    55.312    31.977    28.215
    69.750    84.384    69.715    84.456   109.512   0.559E-42    55.212    31.915    28.164
    70.000    84.233    69.587    84.305   109.315   0.221E-42    55.112    31.852    28.114
    70.250    84.083    69.460    84.155   109.118   0.869E-43    55.013    31.790    28.064
    70.500    83.934    69.333    84.006   108.922   0.336E-43    54.915    31.729    28.014
    70.750    83.786    69.208    83.857   108.728   0.126E-43    54.817    31.668    27.965
    71.000    83.638    69.083    83.710   108.535   0.561E-44    54.719    31.607    27.915
    71.250    83.491    68.959    83.563   108.342   0.140E-44    54.622    31.546    27.866
    71.500    83.345    68.835    83.417   108.151   0.000E+00    54.526    31.486    27.818
    71.750    83.200    68.712    83.272   107.961   0.000E+00    54.430    31.427    27.769
    72.000    83.055    68.590    83.127   107.771   0.000E+00    54.334    31.367    27.721
    72.250    82.911    68.468    82.983   107.583   0.000E+00    54.240    31.308    27.673
    72.500    82.768    68.348    82.840   107.396   0.000E+00    54.145    31.250    27.625
    72.750    82.626    68.227    82.697   107.209   0.000E+00    54.051    31.192    27.578
    73.000    82.484    68.108    82.556   107.024   0.000E+00    53.958    31.134    27.530
    73.250    82.343    67.989    82.415   106.839   0.000E+00    53.865    31.076    27.483
    73.500    82.203    67.870    82.275   106.656   0.000E+00    53.772    31.019    27.436
    73.750    82.064    67.753    82.135   106.473   0.000E+00    53.680    30.962    27.390
    74.000    81.925    67.636    81.996   106.292   0.000E+00    53.589    30.906    27.344
    74.250    81.787    67.519    81.858   106.111   0.000E+00    53.498    30.850    27.298
    74.500    81.650    67.403    81.720   105.931   0.000E+00    53.407    30.794    27.252
    74.750    81.513    67.288    81.583   105.752   0.000E+00    53.317    30.739    27.206
    75.000    81.377    67.174    81.447   105.575   0.000E+00    53.227    30.683    27.161
    75.250    81.242    67.060    81.312   105.398   0.000E+00    53.138    30.629    27.116
    75.500    81.107    66.946    81.177   105.222   0.000E+00    53.049    30.574    27.071
    75.750    80.973    66.833    81.043   105.046   0.000E+00    52.961    30.520    27.026
    76.000    80.840    66.721    80.910   104.872   0.000E+00    52.873    30.466    26.981
    76.250    80.707    66.610    80.777   104.699   0.000E+00    52.785    30.413    26.937
    76.500    80.575    66.499    80.645   104.526   0.000E+00    52.698    30.359    26.893
    76.750    80.444    66.388    80.514   104.354   0.000E+00    52.612    30.306    26.849
    77.000    80.313    66.278    80.383   104.183   0.000E+00    52.526    30.254    26.806
    77.250    80.183    66.169    80.252   104.013   0.000E+00    52.440    30.201    26.762
    77.500    80.054    66.060    80.122   103.844   0.000E+00    52.355    30.149    26.719
    77.750    79.925    65.952    79.993   103.675   0.000E+00    52.270    30.098    26.676
    78.000    79.797    65.844    79.864   103.507   0.000E+00    52.185    30.046    26.633
    78.250    79.669    65.737    79.736   103.340   0.000E+00    52.101    29.995    26.591
    78.500    79.542    65.630    79.609   103.174   0.000E+00    52.018    29.944    26.548
    78.750    79.416    65.524    79.482   103.009   0.000E+00    51.934    29.893    26.506
    79.000    79.290    65.418    79.356   102.844   0.000E+00    51.852    29.843    26.464
    79.250    79.165    65.313    79.231   102.681   0.000E+00    51.769    29.793    26.422
    79.500    79.040    65.209    79.106   102.518   0.000E+00    51.687    29.743    26.381
    79.750    78.916    65.104    78.982   102.356   0.000E+00    51.605    29.693    26.339
    80.000    78.793    65.001    78.859   102.195   0.000E+00    51.524    29.644    26.298
    80.250    78.670    64.898    78.736   102.035   0.000E+00    51.443    29.595    26.257
    80.500    78.548    64.795    78.614   101.875   0.000E+00    51.363    29.546    26.216
    80.750    78.426    64.693    78.492   101.717   0.000E+00    51.283    29.498    26.176
    81.000    78.305    64.591    78.371   101.559   0.000E+00    51.203    29.449    26.135
    81.250    78.185    64.490    78.251   101.401   0.000E+00    51.123    29.401    26.095
    81.500    78.065    64.390    78.131   101.245   0.000E+00    51.044    29.353    26.055
    81.750    77.945    64.289    78.012   101.089   0.000E+00    50.966    29.306    26.015
    82.000    77.826    64.190    77.893   100.934   0.000E+00    50.887    29.258    25.976
    82.250    77.708    64.090    77.775   100.779   0.000E+00    50.810    29.211    25.936
    82.500    77.590    63.992    77.657   100.626   0.000E+00    50.732    29.164    25.897
    82.750    77.473    63.893    77.540   100.473   0.000E+00    50.655    29.118    25.858
    83.000    77.356    63.795    77.423   100.320   0.000E+00    50.578    29.071    25.819
    83.250    77.240    63.698    77.306   100.168   0.000E+00    50.501    29.025    25.780
    83.500    77.124    63.601    77.190   100.017   0.000E+00    50.425    28.979    25.741
    83.750    77.009    63.504    77.075    99.866   0.000E+00    50.349    28.933    25.703
    84.000    76.894    63.408    76.960    99.717   0.000E+00    50.274    28.887    25.664
    84.250    76.780    63.312    76.845    99.567   0.000E+00    50.198    28.842    25.626
    84.500    76.666    63.217    76.731    99.419   0.000E+00    50.124    28.797    25.588
    84.750    76.553    63.122    76.618    99.271   0.000E+00    50.049    28.752    25.551
    85.000    76.440    63.028    76.505    99.124   0.000E+00    49.975    28.707    25.513
    85.250    76.328    62.934    76.393    98.978   0.000E+00    49.901    28.663    25.475
    85.500    76.217    62.840    76.282    98.832   0.000E+00    49.828    28.619    25.438
    85.750    76.105    62.747    76.171    98.687   0.000E+00    49.754    28.574    25.401
    86.000    75.995    62.655    76.060    98.543   0.000E+00    49.682    28.531    25.364
    86.250    75.884    62.562    75.950    98.400   0.000E+00    49.609    28.487    25.327
    86.500    75.775    62.470    75.841    98.257   0.000E+00    49.537    28.443    25.291
    86.750    75.665    62.379    75.732    98.115   0.000E+00    49.465    28.400    25.254
    87.000    75.557    62.288    75.623    97.972   0.000E+00    49.393    28.357    25.218
    87.250    75.448    62.197    75.514    97.831   0.000E+00    49.322    28.314    25.182
    87.500    75.340    62.107    75.406    97.690   0.000E+00    49.251    28.272    25.146
    87.750    75.233    62.017    75.298    97.550   0.000E+00    49.180    28.229    25.110
    88.000    75.126    61.928    75.191    97.410   0.000E+00    49.110    28.187    25.074
    88.250    75.020    61.839    75.084    97.271   0.000E+00    49.040    28.145    25.039
    88.500    74.914    61.750    74.978    97.133   0.000E+00    48.970    28.103    25.003
    88.750    74.808    61.662    74.872    96.995   0.000E+00    48.901    28.062    24.968
    89.000    74.703    61.574    74.766    96.857   0.000E+00    48.832    28.020    24.933
    89.250    74.598    61.486    74.661    96.721   0.000E+00    48.763    27.979    24.898
    89.500    74.494    61.399    74.557    96.585   0.000E+00    48.694    27.938    24.863
    89.750    74.390    61.312    74.453    96.449   0.000E+00    48.626    27.897    24.829
    90.000    74.287    61.226    74.349    96.314   0.000E+00    48.558    27.856    24.794
    90.250    74.184    61.140    74.246    96.180   0.000E+00    48.490    27.816    24.760
    90.500    74.081    61.054    74.144    96.046   0.000E+00    48.423    27.775    24.726
    90.750    73.979    60.969    74.041    95.913   0.000E+00    48.356    27.735    24.692
    91.000    73.877    60.884    73.940    95.781   0.000E+00    48.289    27.695    24.658
    91.250    73.776    60.799    73.839    95.649   0.000E+00    48.223    27.655    24.624
    91.500    73.675    60.715    73.738    95.518   0.000E+00    48.156    27.616    24.590
    91.750    73.575    60.631    73.638    95.387   0.000E+00    48.090    27.576    24.557
    92.000    73.475    60.548    73.538    95.257   0.000E+00    48.024    27.537    24.523
    92.250    73.375    60.465    73.439    95.128   0.000E+00    47.959    27.498    24.490
    92.500    73.276    60.382    73.340    94.999   0.000E+00    47.894    27.459    24.457
    92.750    73.177    60.299    73.241    94.870   0.000E+00    47.829    27.420    24.424
    93.000    73.079    60.217    73.143    94.742   0.000E+00    47.764    27.382    24.391
    93.250    72.981    60.135    73.045    94.614   0.000E+00    47.700    27.343    24.358
    93.500    72.883    60.054    72.947    94.487   0.000E+00    47.636    27.305    24.326
    93.750    72.786    59.973    72.850    94.360   0.000E+00    47.572    27.267    24.293
    94.000    72.689    59.892    72.752    94.233   0.000E+00    47.508    27.229    24.261
    94.250    72.593    59.811    72.655    94.107   0.000E+00    47.445    27.191    24.229
    94.500    72.496    59.731    72.559    93.982   0.000E+00    47.382    27.154    24.197
    94.750    72.401    59.651    72.462    93.857   0.000E+00    47.319    27.116    24.165
    95.000    72.305    59.572    72.366    93.732   0.000E+00    47.256    27.079    24.133
    95.250    72.210    59.493    72.271    93.608   0.000E+00    47.194    27.042    24.101
    95.500    72.116    59.414    72.176    93.485   0.000E+00    47.132    27.005    24.070
    95.750    72.022    59.335    72.082    93.362   0.000E+00    47.070    26.968    24.038
    96.000    71.928    59.257    71.988    93.240   0.000E+00    47.008    26.931    24.007
    96.250    71.834    59.179    71.894    93.118   0.000E+00    46.947    26.895    23.976
    96.500    71.741    59.102    71.801    92.997   0.000E+00    46.886    26.858    23.945
    96.750    71.648    59.024    71.708    92.876   0.000E+00    46.825    26.822    23.914
    97.000    71.556    58.947    71.616    92.755   0.000E+00    46.764    26.786    23.883
    97.250    71.464    58.871    71.523    92.636   0.000E+00    46.704    26.750    23.852
    97.500    71.372    58.794    71.432    92.516   0.000E+00    46.644    26.715    23.822
    97.750    71.281    58.718    71.340    92.397   0.000E+00    46.584    26.679    23.791
    98.000    71.190    58.642    71.249    92.278   0.000E+00    46.524    26.644    23.761
    98.250    71.099    58.567    71.158    92.160   0.000E+00    46.464    26.608    23.731
    98.500    71.009    58.492    71.068    92.043   0.000E+00    46.405    26.573    23.701
    98.750    70.919    58.417    70.978    91.926   0.000E+00    46.346    26.538    23.670
    99.000    70.830    58.342    70.888    91.809   0.000E+00    46.287    26.503    23.641
    99.250    70.740    58.268    70.799    91.693   0.000E+00    46.229    26.468    23.611
    99.500    70.651    58.194    70.710    91.577   0.000E+00    46.170    26.434    23.581
    99.750    70.563    58.120    70.622    91.462   0.000E+00    46.112    26.399    23.552
   100.000    70.475    58.046    70.534    91.348   0.000E+00    46.054    26.365    23.522
   100.250    70.387    57.973    70.446    91.233   0.000E+00    45.996    26.331    23.493
   100.500    70.299    57.900    70.359    91.120   0.000E+00    45.939    26.297    23.463
   100.750    70.212    57.827    70.272    91.006   0.000E+00    45.881    26.263    23.434
   101.000    70.125    57.755    70.186    90.894   0.000E+00    45.824    26.229    23.405
   101.250    70.038    57.683    70.099    90.781   0.000E+00    45.767    26.195    23.376
   101.500    69.952    57.611    70.014    90.669   0.000E+00    45.711    26.162    23.347
   101.750    69.866    57.539    69.928    90.558   0.362E-16    45.654    26.128    23.319
   102.000    69.780    57.468    69.842    90.446   0.000E+00    45.598    26.095    23.290
   102.250    69.695    57.397    69.757    90.335   0.000E+00    45.542    26.062    23.262
   102.500    69.610    57.326    69.672    90.224   0.000E+00    45.486    26.029    23.233
   102.750    69.525    57.255    69.587    90.114   0.000E+00    45.430    25.996    23.205
   103.000    69.441    57.185    69.502    90.004   0.000E+00    45.375    25.963    23.177
   103.250    69.357    57.115    69.418    89.894   0.000E+00    45.319    25.930    23.148
   103.500    69.273    57.045    69.334    89.785   0.000E+00    45.264    25.898    23.120
   103.750    69.189    56.975    69.251    89.676   0.000E+00    45.209    25.865    23.093
   104.000    69.106    56.906    69.167    89.568   0.000E+00    45.155    25.833    23.065
   104.250    69.023    56.837    69.085    89.460   0.000E+00    45.100    25.801    23.037
   104.500    68.940    56.768    69.002    89.352   0.000E+00    45.046    25.769    23.009
   104.750    68.858    56.699    68.919    89.245   0.000E+00    44.992    25.737    22.982
   105.000    68.776    56.631    68.837    89.138   0.000E+00    44.938    25.705    22.954
   105.250    68.694    56.563    68.756    89.032   0.000E+00    44.884    25.673    22.927
   105.500    68.613    56.495    68.674    88.926   0.000E+00    44.830    25.642    22.900
   105.750    68.532    56.427    68.593    88.820   0.000E+00    44.777    25.610    22.873
   106.000    68.451    56.360    68.512    88.715   0.000E+00    44.724    25.579    22.846
   106.250    68.370    56.293    68.431    88.610   0.000E+00    44.671    25.548    22.819
   106.500    68.290    56.226    68.351    88.505   0.000E+00    44.618    25.517    22.792
   106.750    68.210    56.159    68.271    88.401   0.000E+00    44.566    25.486    22.765
   107.000    68.130    56.093    68.191    88.297   0.000E+00    44.513    25.455    22.738
   107.250    68.051    56.027    68.111    88.194   0.000E+00    44.461    25.424    22.712
   107.500    67.972    55.961    68.032    88.091   0.000E+00    44.409    25.393    22.685
   107.750    67.893    55.895    67.953    87.988   0.000E+00    44.357    25.363    22.659
   108.000    67.814    55.829    67.875    87.886   0.000E+00    44.305    25.332    22.633
   108.250    67.736    55.764    67.796    87.784   0.000E+00    44.254    25.302    22.606
   108.500    67.658    55.699    67.718    87.682   0.000E+00    44.202    25.272    22.580
   108.750    67.580    55.634    67.640    87.581   0.000E+00    44.151    25.242    22.554
   109.000    67.502    55.570    67.562    87.480   0.000E+00    44.100    25.212    22.528
   109.250    67.425    55.505    67.485    87.379   0.000E+00    44.050    25.182    22.503
   109.500    67.348    55.441    67.408    87.279   0.000E+00    43.999    25.152    22.477
   109.750    67.271    55.378    67.331    87.179   0.000E+00    43.949    25.122    22.451
   110.000    67.195    55.314    67.255    87.079   0.000E+00    43.898    25.093    22.426
   110.250    67.119    55.250    67.178    86.980   0.000E+00    43.848    25.063    22.400
   110.500    67.043    55.187    67.102    86.881   0.000E+00    43.798    25.034    22.375
   110.750    66.967    55.124    67.027    86.783   0.000E+00    43.749    25.005    22.349
   111.000    66.892    55.062    66.951    86.685   0.000E+00    43.699    24.976    22.324
   111.250    66.816    54.999    66.876    86.587   0.000E+00    43.650    24.947    22.299
   111.500    66.741    54.937    66.801    86.489   0.000E+00    43.600    24.918    22.274
   111.750    66.667    54.875    66.726    86.392   0.000E+00    43.551    24.889    22.249
   112.000    66.592    54.813    66.651    86.295   0.000E+00    43.503    24.860    22.224
   112.250    66.518    54.751    66.577    86.199   0.000E+00    43.454    24.832    22.199
   112.500    66.444    54.690    66.503    86.102   0.000E+00    43.405    24.803    22.175
   112.750    66.370    54.628    66.429    86.007   0.000E+00    43.357    24.775    22.150
   113.000    66.297    54.567    66.356    85.911   0.000E+00    43.309    24.747    22.126
   113.250    66.224    54.507    66.283    85.816   0.000E+00    43.261    24.719    22.101
   113.500    66.151    54.446    66.210    85.721   0.000E+00    43.213    24.691    22.077
   113.750    66.078    54.386    66.137    85.626   0.000E+00    43.165    24.663    22.053
   114.000    66.005    54.326    66.064    85.532   0.000E+00    43.118    24.635    22.028
   114.250    65.933    54.266    65.992    85.438   0.000E+00    43.070    24.607    22.004
   114.500    65.861    54.206    65.920    85.345   0.000E+00    43.023    24.579    21.980
   114.750    65.789    54.146    65.848    85.251   0.000E+00    42.976    24.552    21.956
   115.000    65.718    54.087    65.776    85.158   0.000E+00    42.929    24.524    21.932
   115.250    65.647    54.028    65.705    85.066   0.000E+00    42.883    24.497    21.909
   115.500    65.575    53.969    65.634    84.973   0.000E+00    42.836    24.470    21.885
   115.750    65.505    53.910    65.563    84.881   0.000E+00    42.790    24.443    21.861
   116.000    65.434    53.852    65.492    84.789   0.000E+00    42.743    24.415    21.838
   116.250    65.364    53.793    65.422    84.698   0.000E+00    42.697    24.389    21.814
   116.500    65.293    53.735    65.352    84.607   0.000E+00    42.651    24.362    21.791
   116.750    65.223    53.677    65.282    84.516   0.000E+00    42.606    24.335    21.768
   117.000    65.154    53.620    65.212    84.425   0.000E+00    42.560    24.308    21.744
   117.250    65.084    53.562    65.142    84.335   0.000E+00    42.515    24.282    21.721
   117.500    65.015    53.505    65.073    84.245   0.000E+00    42.469    24.255    21.698
   117.750    64.946    53.448    65.004    84.155   0.000E+00    42.424    24.229    21.675
   118.000    64.877    53.391    64.935    84.066   0.000E+00    42.379    24.202    21.652
   118.250    64.808    53.334    64.866    83.977   0.000E+00    42.334    24.176    21.630
   118.500    64.740    53.277    64.798    83.888   0.000E+00    42.290    24.150    21.607
   118.750    64.672    53.221    64.729    83.800   0.000E+00    42.245    24.124    21.584
   119.000    64.604    53.165    64.661    83.711   0.000E+00    42.201    24.098    21.561
   119.250    64.536    53.109    64.594    83.623   0.000E+00    42.156    24.072    21.539
   119.500    64.469    53.053    64.526    83.536   0.000E+00    42.112    24.046    21.516
   119.750    64.401    52.997    64.459    83.448   0.000E+00    42.068    24.021    21.494
   120.000    64.334    52.942    64.391    83.361   0.000E+00    42.024    23.995    21.472
   120.250    64.267    52.887    64.324    83.275   0.000E+00    41.981    23.970    21.450
   120.500    64.201    52.832    64.258    83.188   0.000E+00    41.937    23.944    21.427
   120.750    64.134    52.777    64.191    83.102   0.000E+00    41.894    23.919    21.405
   121.000    64.068    52.722    64.125    83.016   0.000E+00    41.851    23.894    21.383
   121.250    64.002    52.668    64.059    82.930   0.000E+00    41.807    23.869    21.361
   121.500    63.936    52.613    63.993    82.845   0.000E+00    41.764    23.844    21.339
   121.750    63.870    52.559    63.927    82.759   0.000E+00    41.722    23.819    21.318
   122.000    63.805    52.505    63.861    82.675   0.000E+00    41.679    23.794    21.296
   122.250    63.739    52.451    63.796    82.590   0.000E+00    41.636    23.769    21.274
   122.500    63.674    52.398    63.731    82.506   0.000E+00    41.594    23.744    21.253
   122.750    63.609    52.344    63.666    82.421   0.000E+00    41.552    23.720    21.231
   123.000    63.545    52.291    63.601    82.338   0.000E+00    41.510    23.695    21.210
   123.250    63.480    52.238    63.537    82.254   0.000E+00    41.468    23.670    21.188
   123.500    63.416    52.185    63.472    82.171   0.000E+00    41.426    23.646    21.167
   123.750    63.352    52.132    63.408    82.088   0.000E+00    41.384    23.622    21.146
   124.000    63.288    52.080    63.344    82.005   0.000E+00    41.342    23.598    21.124
   124.250    63.224    52.027    63.281    81.922   0.000E+00    41.301    23.573    21.103
   124.500    63.161    51.975    63.217    81.840   0.000E+00    41.260    23.549    21.082
   124.750    63.098    51.923    63.154    81.758   0.000E+00    41.218    23.525    21.061
   125.000    63.034    51.871    63.090    81.676   0.000E+00    41.177    23.501    21.040
   125.250    62.971    51.819    63.027    81.595   0.000E+00    41.136    23.478    21.019
   125.500    62.909    51.767    62.965    81.513   0.000E+00    41.096    23.454    20.999
   125.750    62.846    51.716    62.902    81.432   0.000E+00    41.055    23.430    20.978
   126.000    62.784    51.665    62.840    81.351   0.000E+00    41.014    23.407    20.957
   126.250    62.722    51.614    62.777    81.271   0.000E+00    40.974    23.383    20.937
   126.500    62.660    51.563    62.715    81.191   0.000E+00    40.933    23.360    20.916
   126.750    62.598    51.512    62.653    81.110   0.000E+00    40.893    23.336    20.896
   127.000    62.536    51.461    62.592    81.031   0.000E+00    40.853    23.313    20.875
   127.250    62.475    51.411    62.530    80.951   0.000E+00    40.813    23.290    20.855
   127.500    62.413    51.360    62.469    80.872   0.000E+00    40.773    23.266    20.835
   127.750    62.352    51.310    62.408    80.793   0.000E+00    40.734    23.243    20.814
   128.000    62.291    51.260    62.347    80.714   0.000E+00    40.694    23.220    20.794
   128.250    62.231    51.210    62.286    80.635   0.000E+00    40.655    23.197    20.774
   128.500    62.170    51.160    62.225    80.557   0.000E+00    40.615    23.175    20.754
   128.750    62.110    51.111    62.165    80.478   0.000E+00    40.576    23.152    20.734
   129.000    62.049    51.061    62.105    80.401   0.000E+00    40.537    23.129    20.714
   129.250    61.989    51.012    62.045    80.323   0.000E+00    40.498    23.106    20.694
   129.500    61.930    50.963    61.985    80.245   0.000E+00    40.459    23.084    20.674
   129.750    61.870    50.914    61.925    80.168   0.000E+00    40.420    23.061    20.655
   130.000    61.810    50.865    61.865    80.091   0.000E+00    40.382    23.039    20.635
   130.250    61.751    50.816    61.806    80.014   0.000E+00    40.343    23.016    20.615
   130.500    61.692    50.768    61.747    79.938   0.000E+00    40.305    22.994    20.596
   130.750    61.633    50.719    61.688    79.861   0.000E+00    40.266    22.972    20.576
   131.000    61.574    50.671    61.629    79.785   0.000E+00    40.228    22.950    20.557
   131.250    61.515    50.623    61.570    79.709   0.000E+00    40.190    22.928    20.537
   131.500    61.457    50.575    61.511    79.633   0.000E+00    40.152    22.905    20.518
   131.750    61.398    50.527    61.453    79.558   0.000E+00    40.114    22.883    20.499
   132.000    61.340    50.479    61.395    79.483   0.000E+00    40.076    22.862    20.479
   132.250    61.282    50.432    61.337    79.408   0.000E+00    40.039    22.840    20.460
   132.500    61.224    50.384    61.279    79.333   0.000E+00    40.001    22.818    20.441
   132.750    61.167    50.337    61.221    79.258   0.000E+00    39.964    22.796    20.422
   133.000    61.109    50.290    61.164    79.184   0.000E+00    39.926    22.774    20.403
   133.250    61.052    50.243    61.106    79.109   0.000E+00    39.889    22.753    20.384
   133.500    60.995    50.196    61.049    79.035   0.000E+00    39.852    22.731    20.365
   133.750    60.938    50.149    60.992    78.961   0.000E+00    39.815    22.710    20.346
   134.000    60.881    50.102    60.935    78.888   0.000E+00    39.778    22.688    20.327
   134.250    60.824    50.056    60.878    78.814   0.000E+00    39.741    22.667    20.308
   134.500    60.767    50.009    60.822    78.741   0.000E+00    39.704    22.646    20.290
   134.750    60.711    49.963    60.765    78.668   0.000E+00    39.667    22.624    20.271
   135.000    60.655    49.917    60.709    78.595   0.000E+00    39.631    22.603    20.252
   135.250    60.599    49.871    60.653    78.523   0.000E+00    39.594    22.582    20.234
   135.500    60.543    49.825    60.597    78.450   0.000E+00    39.558    22.561    20.215
   135.750    60.487    49.779    60.541    78.378   0.000E+00    39.522    22.540    20.197
   136.000    60.431    49.733    60.485    78.306   0.000E+00    39.486    22.519    20.178
   136.250    60.376    49.688    60.430    78.234   0.000E+00    39.450    22.498    20.160
   136.500    60.321    49.642    60.374    78.163   0.000E+00    39.414    22.477    20.141
   136.750    60.266    49.597    60.319    78.091   0.000E+00    39.378    22.456    20.123
   137.000    60.210    49.551    60.264    78.020   0.000E+00    39.342    22.436    20.105
   137.250    60.156    49.506    60.209    77.949   0.000E+00    39.306    22.415    20.087
   137.500    60.101    49.461    60.154    77.878   0.000E+00    39.271    22.394    20.069
   137.750    60.046    49.416    60.100    77.807   0.000E+00    39.235    22.374    20.050
   138.000    59.992    49.372    60.045    77.737   0.000E+00    39.200    22.353    20.032
   138.250    59.938    49.327    59.991    77.666   0.000E+00    39.164    22.333    20.014
   138.500    59.884    49.282    59.937    77.596   0.000E+00    39.129    22.312    19.996
   138.750    59.830    49.238    59.883    77.526   0.000E+00    39.094    22.292    19.978
   139.000    59.776    49.194    59.829    77.457   0.000E+00    39.059    22.271    19.961
   139.250    59.722    49.149    59.775    77.387   0.000E+00    39.024    22.251    19.943
   139.500    59.669    49.105    59.722    77.318   0.000E+00    38.989    22.231    19.925
   139.750    59.615    49.061    59.668    77.248   0.000E+00    38.954    22.211    19.907
   140.000    59.562    49.017    59.615    77.179   0.000E+00    38.919    22.191    19.889
   140.250    59.509    48.973    59.562    77.110   0.000E+00    38.884    22.170    19.872
   140.500    59.456    48.930    59.509    77.042   0.000E+00    38.850    22.150    19.854
   140.750    59.403    48.886    59.456    76.973   0.000E+00    38.815    22.130    19.836
   141.000    59.350    48.843    59.403    76.905   0.000E+00    38.781    22.110    19.819
   141.250    59.298    48.799    59.351    76.836   0.000E+00    38.746    22.091    19.801
   141.500    59.245    48.756    59.298    76.768   0.000E+00    38.712    22.071    19.784
   141.750    59.193    48.713    59.246    76.701   0.000E+00    38.678    22.051    19.766
   142.000    59.141    48.670    59.194    76.633   0.000E+00    38.644    22.031    19.749
   142.250    59.089    48.626    59.142    76.565   0.000E+00    38.610    22.011    19.732
   142.500    59.037    48.584    59.090    76.498   0.000E+00    38.576    21.992    19.714
   142.750    58.985    48.541    59.038    76.431   0.000E+00    38.542    21.972    19.697
   143.000    58.934    48.498    58.986    76.364   0.000E+00    38.508    21.952    19.680
   143.250    58.882    48.455    58.935    76.297   0.000E+00    38.474    21.933    19.662
   143.500    58.831    48.413    58.883    76.230   0.000E+00    38.440    21.913    19.645
   143.750    58.780    48.370    58.832    76.164   0.000E+00    38.407    21.894    19.628
   144.000    58.729    48.328    58.781    76.097   0.000E+00    38.373    21.874    19.611
   144.250    58.678    48.285    58.730    76.031   0.000E+00    38.340    21.855    19.594
   144.500    58.627    48.243    58.679    75.965   0.000E+00    38.306    21.835    19.577
   144.750    58.576    48.201    58.629    75.899   0.000E+00    38.273    21.816    19.560
   145.000    58.526    48.159    58.578    75.833   0.000E+00    38.239    21.797    19.543
   145.250    58.476    48.117    58.528    75.768   0.000E+00    38.206    21.777    19.526
   145.500    58.425    48.075    58.477    75.702   0.000E+00    38.173    21.758    19.509
   145.750    58.375    48.033    58.427    75.637   0.000E+00    38.140    21.739    19.492
   146.000    58.325    47.991    58.377    75.572   0.000E+00    38.107    21.720    19.475
   146.250    58.275    47.950    58.327    75.507   0.000E+00    38.074    21.701    19.458
   146.500    58.226    47.908    58.277    75.442   0.000E+00    38.041    21.682    19.442
   146.750    58.176    47.867    58.228    75.377   0.000E+00    38.008    21.663    19.425
   147.000    58.126    47.825    58.178    75.312   0.000E+00    37.975    21.644    19.408
   147.250    58.077    47.784    58.129    75.248   0.000E+00    37.943    21.625    19.392
   147.500    58.028    47.742    58.079    75.184   0.000E+00    37.910    21.606    19.375
   147.750    57.979    47.701    58.030    75.119   0.000E+00    37.877    21.587    19.358
   148.000    57.930    47.660    57.981    75.055   0.000E+00    37.845    21.568    19.342
   148.250    57.881    47.619    57.932    74.992   0.000E+00    37.812    21.549    19.325
   148.500    57.832    47.578    57.884    74.928   0.000E+00    37.780    21.530    19.308
   148.750    57.784    47.537    57.835    74.864   0.000E+00    37.747    21.511    19.292
   149.000    57.735    47.496    57.786    74.801   0.000E+00    37.715    21.492    19.275
   149.250    57.687    47.455    57.738    74.737   0.000E+00    37.683    21.474    19.259
   149.500    57.638    47.415    57.690    74.674   0.000E+00    37.650    21.455    19.243
   149.750    57.590    47.374    57.642    74.611   0.000E+00    37.618    21.436    19.226
   150.000    57.542    47.333    57.593    74.548   0.000E+00    37.586    21.418    19.210
   150.250    57.494    47.293    57.546    74.485   0.000E+00    37.554    21.399    19.193
   150.500    57.447    47.252    57.498    74.423   0.000E+00    37.522    21.380    19.177
   150.750    57.399    47.212    57.450    74.360   0.000E+00    37.490    21.362    19.161
   151.000    57.351    47.171    57.402    74.298   0.000E+00    37.458    21.343    19.144
   151.250    57.304    47.131    57.355    74.236   0.000E+00    37.426    21.325    19.128
   151.500    57.257    47.091    57.308    74.173   0.000E+00    37.394    21.306    19.112
   151.750    57.209    47.050    57.260    74.111   0.000E+00    37.362    21.288    19.096
   152.000    57.162    47.010    57.213    74.049   0.000E+00    37.330    21.269    19.079
   152.250    57.115    46.970    57.166    73.988   0.000E+00    37.299    21.251    19.063
   152.500    57.069    46.964    57.119    73.948   0.000E+00    37.294    21.248    19.061
   152.750    57.022    46.964    57.073    73.912   0.000E+00    37.294    21.248    19.061
   153.000    56.975    46.964    57.026    73.876   0.000E+00    37.294    21.248    19.061
   153.250    56.929    46.964    56.979    73.840   0.000E+00    37.294    21.248    19.061
   153.500    56.882    46.964    56.933    73.804   0.000E+00    37.294    21.248    19.061
   153.750    56.836    46.964    56.887    73.768   0.000E+00    37.294    21.248    19.061
   154.000    56.790    46.964    56.841    73.732   0.000E+00    37.294    21.248    19.061
   154.250    56.744    46.964    56.794    73.697   0.000E+00    37.294    21.248    19.061
   154.500    56.698    46.964    56.749    73.662   0.000E+00    37.294    21.248    19.061
   154.750    56.652    46.964    56.703    73.626   0.000E+00    37.294    21.248    19.061
   155.000    56.607    46.964    56.657    73.591   0.000E+00    37.294    21.248    19.061
   155.250    56.561    46.964    56.611    73.556   0.000E+00    37.294    21.248    19.061
   155.500    56.515    46.964    56.566    73.521   0.000E+00    37.294    21.248    19.061
   155.750    56.470    46.964    56.520    73.486   0.000E+00    37.294    21.248    19.061
   156.000    56.425    46.964    56.475    73.451   0.000E+00    37.294    21.248    19.061
   156.250    56.380    46.964    56.430    73.416   0.000E+00    37.294    21.248    19.061
   156.500    56.335    46.964    56.385    73.382   0.000E+00    37.294    21.248    19.061
   156.750    56.290    46.964    56.340    73.347   0.000E+00    37.294    21.248    19.061
   157.000    56.245    46.964    56.295    73.313   0.000E+00    37.294    21.248    19.061
   157.250    56.200    46.964    56.250    73.278   0.000E+00    37.294    21.248    19.061
   157.500    56.155    46.964    56.205    73.244   0.000E+00    37.294    21.248    19.061
   157.750    56.111    46.964    56.161    73.210   0.000E+00    37.294    21.248    19.061
   158.000    56.067    46.964    56.116    73.176   0.000E+00    37.294    21.248    19.061
   158.250    56.022    46.964    56.072    73.142   0.000E+00    37.294    21.248    19.061
   158.500    55.978    46.964    56.028    73.108   0.000E+00    37.294    21.248    19.061
   158.750    55.934    46.964    55.984    73.074   0.000E+00    37.294    21.248    19.061
   159.000    55.890    46.964    55.940    73.040   0.000E+00    37.294    21.248    19.061
   159.250    55.846    46.964    55.896    73.007   0.000E+00    37.294    21.248    19.061
   159.500    55.802    46.964    55.852    72.973   0.000E+00    37.294    21.248    19.061
   159.750    55.759    46.964    55.808    72.940   0.000E+00    37.294    21.248    19.061
   160.000    55.715    46.964    55.765    72.906   0.000E+00    37.294    21.248    19.061
   160.250    55.672    46.964    55.721    72.873   0.000E+00    37.294    21.248    19.061
   160.500    55.628    46.964    55.678    72.840   0.000E+00    37.294    21.248    19.061
   160.750    55.585    46.964    55.634    72.807   0.000E+00    37.294    21.248    19.061
   161.000    55.542    46.964    55.591    72.774   0.000E+00    37.294    21.248    19.061
   161.250    55.499    46.964    55.548    72.741   0.000E+00    37.294    21.248    19.061
   161.500    55.456    46.964    55.505    72.708   0.000E+00    37.294    21.248    19.061
   161.750    55.413    46.964    55.462    72.675   0.000E+00    37.294    21.248    19.061
   162.000    55.370    46.964    55.419    72.642   0.000E+00    37.294    21.248    19.061
   162.250    55.327    46.964    55.377    72.610   0.000E+00    37.294    21.248    19.061
   162.500    55.285    46.964    55.334    72.577   0.000E+00    37.294    21.248    19.061
   162.750    55.242    46.964    55.291    72.545   0.000E+00    37.294    21.248    19.061
   163.000    55.200    46.964    55.249    72.513   0.000E+00    37.294    21.248    19.061
   163.250    55.158    46.964    55.207    72.480   0.000E+00    37.294    21.248    19.061
   163.500    55.115    46.964    55.165    72.448   0.000E+00    37.294    21.248    19.061
   163.750    55.073    46.964    55.122    72.416   0.000E+00    37.294    21.248    19.061
   164.000    55.031    46.964    55.080    72.384   0.000E+00    37.294    21.248    19.061
   164.250    54.990    46.964    55.038    72.352   0.000E+00    37.294    21.248    19.061
   164.500    54.948    46.964    54.997    72.320   0.000E+00    37.294    21.248    19.061
   164.750    54.906    46.964    54.955    72.289   0.000E+00    37.294    21.248    19.061
   165.000    54.864    46.964    54.913    72.257   0.000E+00    37.294    21.248    19.061
   165.250    54.823    46.964    54.872    72.226   0.000E+00    37.294    21.248    19.061
   165.500    54.781    46.964    54.830    72.194   0.000E+00    37.294    21.248    19.061
   165.750    54.740    46.964    54.789    72.163   0.000E+00    37.294    21.248    19.061
   166.000    54.699    46.964    54.748    72.131   0.000E+00    37.294    21.248    19.061
   166.250    54.658    46.964    54.706    72.100   0.000E+00    37.294    21.248    19.061
   166.500    54.617    46.964    54.665    72.069   0.000E+00    37.294    21.248    19.061
   166.750    54.576    46.964    54.624    72.038   0.000E+00    37.294    21.248    19.061
   167.000    54.535    46.964    54.583    72.007   0.000E+00    37.294    21.248    19.061
   167.250    54.494    46.964    54.543    71.976   0.000E+00    37.294    21.248    19.061
   167.500    54.453    46.964    54.502    71.945   0.000E+00    37.294    21.248    19.061
   167.750    54.413    46.964    54.461    71.914   0.000E+00    37.294    21.248    19.061
   168.000    54.372    46.964    54.421    71.884   0.000E+00    37.294    21.248    19.061
   168.250    54.332    46.964    54.380    71.853   0.000E+00    37.294    21.248    19.061
   168.500    54.292    46.964    54.340    71.822   0.000E+00    37.294    21.248    19.061
   168.750    54.251    46.964    54.300    71.792   0.000E+00    37.294    21.248    19.061
   169.000    54.211    46.964    54.259    71.762   0.000E+00    37.294    21.248    19.061
   169.250    54.171    46.964    54.219    71.731   0.000E+00    37.294    21.248    19.061
   169.500    54.131    46.964    54.179    71.701   0.000E+00    37.294    21.248    19.061
   169.750    54.091    46.964    54.139    71.671   0.000E+00    37.294    21.248    19.061
   170.000    54.052    46.964    54.100    71.641   0.000E+00    37.294    21.248    19.061
   170.250    54.012    46.964    54.060    71.611   0.000E+00    37.294    21.248    19.061
   170.500    53.972    46.964    54.020    71.581   0.000E+00    37.294    21.248    19.061
   170.750    53.933    46.964    53.981    71.551   0.000E+00    37.294    21.248    19.061
   171.000    53.893    46.964    53.941    71.521   0.000E+00    37.294    21.248    19.061
   171.250    53.854    46.964    53.902    71.491   0.000E+00    37.294    21.248    19.061
   171.500    53.815    46.964    53.863    71.462   0.000E+00    37.294    21.248    19.061
   171.750    53.775    46.964    53.823    71.432   0.000E+00    37.294    21.248    19.061
   172.000    53.736    46.964    53.784    71.403   0.000E+00    37.294    21.248    19.061
   172.250    53.697    46.964    53.745    71.373   0.000E+00    37.294    21.248    19.061
   172.500    53.658    46.964    53.706    71.344   0.000E+00    37.294    21.248    19.061
   172.750    53.620    46.964    53.667    71.315   0.000E+00    37.294    21.248    19.061
   173.000    53.581    46.964    53.629    71.286   0.000E+00    37.294    21.248    19.061
   173.250    53.542    46.964    53.590    71.257   0.000E+00    37.294    21.248    19.061
   173.500    53.504    46.964    53.551    71.227   0.000E+00    37.294    21.248    19.061
   173.750    53.465    46.964    53.513    71.199   0.000E+00    37.294    21.248    19.061
   174.000    53.427    46.964    53.474    71.170   0.000E+00    37.294    21.248    19.061
   174.250    53.388    46.964    53.436    71.141   0.000E+00    37.294    21.248    19.061
   174.500    53.350    46.964    53.398    71.112   0.000E+00    37.294    21.248    19.061
   174.750    53.312    46.964    53.359    71.083   0.000E+00    37.294    21.248    19.061
   175.000    53.274    46.964    53.321    71.055   0.000E+00    37.294    21.248    19.061
   175.250    53.236    46.964    53.283    71.026   0.000E+00    37.294    21.248    19.061
   175.500    53.198    46.964    53.245    70.998   0.000E+00    37.294    21.248    19.061
   175.750    53.160    46.964    53.207    70.969   0.000E+00    37.294    21.248    19.061
   176.000    53.122    46.964    53.169    70.941   0.000E+00    37.294    21.248    19.061
   176.250    53.085    46.964    53.132    70.913   0.000E+00    37.294    21.248    19.061
   176.500    53.047    46.964    53.094    70.884   0.000E+00    37.294    21.248    19.061
   176.750    53.009    46.964    53.057    70.856   0.000E+00    37.294    21.248    19.061
   177.000    52.972    46.964    53.019    70.828   0.000E+00    37.294    21.248    19.061
   177.250    52.935    46.964    52.982    70.800   0.000E+00    37.294    21.248    19.061
   177.500    52.897    46.964    52.944    70.772   0.000E+00    37.294    21.248    19.061
   177.750    52.860    46.964    52.907    70.745   0.000E+00    37.294    21.248    19.061
   178.000    52.823    46.964    52.870    70.717   0.000E+00    37.294    21.248    19.061
   178.250    52.786    46.964    52.833    70.689   0.000E+00    37.294    21.248    19.061
   178.500    52.749    46.964    52.796    70.661   0.000E+00    37.294    21.248    19.061
   178.750    52.712    46.964    52.759    70.634   0.000E+00    37.294    21.248    19.061
   179.000    52.675    46.964    52.722    70.606   0.000E+00    37.294    21.248    19.061
   179.250    52.638    46.964    52.685    70.579   0.000E+00    37.294    21.248    19.061
   179.500    52.602    46.964    52.649    70.551   0.000E+00    37.294    21.248    19.061
   179.750    52.565    46.964    52.612    70.524   0.000E+00    37.294    21.248    19.061
   180.000    52.529    46.964    52.575    70.497   0.000E+00    37.294    21.248    19.061
   180.250    52.492    46.964    52.539    70.470   0.000E+00    37.294    21.248    19.061
   180.500    52.456    46.964    52.503    70.442   0.000E+00    37.294    21.248    19.061
   180.750    52.420    46.964    52.466    70.415   0.000E+00    37.294    21.248    19.061
   181.000    52.383    46.964    52.430    70.388   0.000E+00    37.294    21.248    19.061
   181.250    52.347    46.964    52.394    70.361   0.000E+00    37.294    21.248    19.061
   181.500    52.311    46.964    52.358    70.335   0.000E+00    37.294    21.248    19.061
   181.750    52.275    46.964    52.322    70.308   0.000E+00    37.294    21.248    19.061
   182.000    52.239    46.964    52.286    70.281   0.000E+00    37.294    21.248    19.061
   182.250    52.203    46.964    52.250    70.254   0.000E+00    37.294    21.248    19.061
   182.500    52.168    46.964    52.214    70.228   0.000E+00    37.294    21.248    19.061
   182.750    52.132    46.964    52.178    70.201   0.000E+00    37.294    21.248    19.061
